<?xml version="1.0" encoding="UTF-8"?>
<testng-results total="1" passed="1" failed="0" skipped="0">
  <reporter-output>
  </reporter-output>
  <suite started-at="2021-01-17T15:03:55Z" name="Suite" finished-at="2021-01-17T15:04:07Z" duration-ms="12334">
    <groups>
    </groups>
    <test started-at="2021-01-17T15:03:55Z" name="Test" finished-at="2021-01-17T15:04:07Z" duration-ms="12334">
      <class name="testCases.FileUploadMethod2">
        <test-method is-config="true" signature="setup()[pri:0, instance:testCases.FileUploadMethod2@5d99c6b5]" started-at="2021-01-17T16:03:55Z" name="setup" finished-at="2021-01-17T16:04:03Z" duration-ms="7894" status="PASS">
          <reporter-output>
          </reporter-output>
        </test-method> <!-- setup -->
        <test-method signature="robotTest()[pri:0, instance:testCases.FileUploadMethod2@5d99c6b5]" started-at="2021-01-17T16:04:03Z" name="robotTest" finished-at="2021-01-17T16:04:06Z" duration-ms="3745" status="PASS">
          <reporter-output>
          </reporter-output>
        </test-method> <!-- robotTest -->
        <test-method is-config="true" signature="tearDown()[pri:0, instance:testCases.FileUploadMethod2@5d99c6b5]" started-at="2021-01-17T16:04:06Z" name="tearDown" finished-at="2021-01-17T16:04:07Z" duration-ms="684" status="PASS">
          <reporter-output>
          </reporter-output>
        </test-method> <!-- tearDown -->
      </class> <!-- testCases.FileUploadMethod2 -->
    </test> <!-- Test -->
  </suite> <!-- Suite -->
</testng-results>
